TN:
SF:src\services\store.ts
FN:31,useDispatch
FNF:1
FNH:0
FNDA:0,useDispatch
DA:1,1
DA:2,1
DA:3,1
DA:4,1
DA:5,1
DA:6,1
DA:7,1
DA:8,1
DA:9,1
DA:10,1
DA:11,1
DA:12,1
DA:13,1
DA:14,1
DA:15,1
DA:16,1
DA:17,1
DA:18,1
DA:19,1
DA:20,1
DA:21,1
DA:22,1
DA:23,1
DA:24,1
DA:25,1
DA:26,1
DA:27,1
DA:28,1
DA:29,1
DA:30,1
DA:31,1
DA:32,1
DA:33,1
DA:34,1
LF:34
LH:34
BRF:0
BRH:0
end_of_record
TN:
SF:src\services\slices\FeedsSlice.ts
FN:2,_regeneratorDefine2
FN:2,_regeneratorDefine
FN:2,o
FN:2,_OverloadYield
FN:2,asyncGeneratorStep
FN:2,_asyncToGenerator
FN:34,_callee
FN:40,_callee2
FN:49,extraReducers
FN:82,feedsSliceSelectors
FNF:10
FNH:5
FNDA:2,_regeneratorDefine2
FNDA:20,_regeneratorDefine
FNDA:6,o
FNDA:0,_OverloadYield
FNDA:0,asyncGeneratorStep
FNDA:4,_asyncToGenerator
FNDA:0,_callee
FNDA:0,_callee2
FNDA:2,extraReducers
FNDA:0,feedsSliceSelectors
DA:1,1
DA:2,0
DA:3,1
DA:4,1
DA:5,1
DA:6,1
DA:7,1
DA:8,1
DA:9,1
DA:10,1
DA:11,1
DA:12,1
DA:13,1
DA:14,1
DA:15,1
DA:16,1
DA:17,1
DA:18,1
DA:19,1
DA:20,1
DA:21,1
DA:22,1
DA:23,1
DA:24,1
DA:25,1
DA:26,1
DA:27,1
DA:28,1
DA:29,1
DA:30,1
DA:31,1
DA:32,1
DA:33,1
DA:34,1
DA:35,0
DA:36,1
DA:37,1
DA:38,1
DA:39,1
DA:40,2
DA:41,0
DA:42,1
DA:43,1
DA:44,1
DA:45,1
DA:46,1
DA:47,1
DA:48,1
DA:49,1
DA:50,2
DA:51,2
DA:52,1
DA:53,1
DA:54,2
DA:55,2
DA:56,1
DA:57,1
DA:58,2
DA:59,2
DA:60,1
DA:61,1
DA:62,1
DA:63,1
DA:64,1
DA:65,2
DA:66,2
DA:67,1
DA:68,1
DA:69,2
DA:70,2
DA:71,1
DA:72,1
DA:73,2
DA:74,2
DA:75,1
DA:76,1
DA:77,1
DA:78,2
DA:79,2
DA:80,1
DA:81,1
DA:82,1
DA:83,1
DA:84,1
DA:85,1
DA:86,1
DA:87,1
DA:88,1
DA:89,1
DA:90,1
DA:91,1
DA:92,1
DA:93,1
DA:94,1
DA:95,1
DA:96,1
DA:97,1
DA:98,1
DA:99,1
DA:100,1
DA:101,1
DA:102,1
DA:103,1
DA:104,1
DA:105,1
DA:106,1
DA:107,1
DA:108,1
DA:109,1
DA:110,1
DA:111,1
DA:112,1
DA:113,1
LF:113
LH:110
BRDA:2,0,0,2
BRDA:2,1,0,0
BRDA:2,2,0,20
BRDA:2,3,0,18
BRDA:2,4,0,0
BRDA:2,5,0,2
BRDA:2,6,0,6
BRDA:2,7,0,4
BRDA:39,8,0,2
BRDA:49,9,0,2
BRDA:51,10,0,1
BRDA:55,11,0,1
BRDA:59,12,0,1
BRDA:66,13,0,1
BRDA:70,14,0,1
BRDA:74,15,0,1
BRF:16
BRH:14
end_of_record
TN:
SF:src\services\slices\constructorSlice.ts
FN:25,prepare
FN:29,reducer
FN:36,removeIngredientFromConstructor
FN:41,upPositionOfIngredient
FN:52,downPositionOfIngredient
FN:63,resetConstructor
FN:70,constructorSliceSelectors
FNF:7
FNH:6
FNDA:2,prepare
FNDA:2,reducer
FNDA:1,removeIngredientFromConstructor
FNDA:1,upPositionOfIngredient
FNDA:1,downPositionOfIngredient
FNDA:1,resetConstructor
FNDA:0,constructorSliceSelectors
DA:1,1
DA:2,1
DA:3,1
DA:4,1
DA:5,1
DA:6,1
DA:7,1
DA:8,1
DA:9,1
DA:10,1
DA:11,1
DA:12,1
DA:13,1
DA:14,1
DA:15,1
DA:16,1
DA:17,1
DA:18,1
DA:19,1
DA:20,1
DA:21,1
DA:22,1
DA:23,1
DA:24,1
DA:25,1
DA:26,2
DA:27,2
DA:28,1
DA:29,1
DA:30,2
DA:31,2
DA:32,2
DA:33,2
DA:34,1
DA:35,1
DA:36,1
DA:37,1
DA:38,1
DA:39,1
DA:40,1
DA:41,1
DA:42,1
DA:43,1
DA:44,1
DA:45,1
DA:46,1
DA:47,1
DA:48,1
DA:49,1
DA:50,1
DA:51,1
DA:52,1
DA:53,1
DA:54,1
DA:55,1
DA:56,1
DA:57,1
DA:58,1
DA:59,1
DA:60,1
DA:61,1
DA:62,1
DA:63,1
DA:64,1
DA:65,1
DA:66,1
DA:67,1
DA:68,1
DA:69,1
DA:70,1
DA:71,1
DA:72,1
DA:73,1
DA:74,1
DA:75,1
DA:76,1
DA:77,1
DA:78,1
DA:79,1
DA:80,1
DA:81,1
DA:82,1
DA:83,1
DA:84,1
DA:85,1
DA:86,1
DA:87,1
DA:88,1
LF:88
LH:88
BRDA:25,0,0,2
BRDA:29,1,0,2
BRDA:31,2,0,1
BRDA:31,3,0,1
BRDA:36,4,0,1
BRDA:38,5,0,1
BRDA:41,6,0,1
BRDA:43,7,0,2
BRDA:52,8,0,1
BRDA:54,9,0,1
BRDA:63,10,0,1
BRF:11
BRH:11
end_of_record
TN:
SF:src\services\slices\ingredientsSlice.ts
FN:2,_regeneratorDefine2
FN:2,_regeneratorDefine
FN:2,o
FN:2,_OverloadYield
FN:2,asyncGeneratorStep
FN:2,_asyncToGenerator
FN:19,_callee
FN:27,getIngredientsData
FN:28,getIsLoading
FN:30,extraReducers
FNF:10
FNH:5
FNDA:2,_regeneratorDefine2
FNDA:20,_regeneratorDefine
FNDA:6,o
FNDA:0,_OverloadYield
FNDA:0,asyncGeneratorStep
FNDA:2,_asyncToGenerator
FNDA:0,_callee
FNDA:0,getIngredientsData
FNDA:0,getIsLoading
FNDA:2,extraReducers
DA:1,1
DA:2,0
DA:3,1
DA:4,1
DA:5,1
DA:6,1
DA:7,1
DA:8,1
DA:9,1
DA:10,1
DA:11,1
DA:12,1
DA:13,1
DA:14,1
DA:15,1
DA:16,1
DA:17,1
DA:18,1
DA:19,1
DA:20,1
DA:21,1
DA:22,1
DA:23,1
DA:24,1
DA:25,1
DA:26,1
DA:27,1
DA:28,1
DA:29,1
DA:30,1
DA:31,2
DA:32,2
DA:33,1
DA:34,1
DA:35,2
DA:36,2
DA:37,1
DA:38,1
DA:39,2
DA:40,2
DA:41,2
DA:42,2
DA:43,1
DA:44,1
DA:45,1
DA:46,1
DA:47,2
DA:48,2
DA:49,1
DA:50,1
DA:51,1
DA:52,1
LF:52
LH:51
BRDA:2,0,0,2
BRDA:2,1,0,0
BRDA:2,2,0,20
BRDA:2,3,0,18
BRDA:2,4,0,0
BRDA:2,5,0,2
BRDA:2,6,0,6
BRDA:2,7,0,2
BRDA:30,8,0,2
BRDA:32,9,0,1
BRDA:36,10,0,1
BRDA:42,11,0,1
BRF:12
BRH:10
end_of_record
TN:
SF:src\services\slices\orderSlice.ts
FN:2,_regeneratorDefine2
FN:2,_regeneratorDefine
FN:2,o
FN:2,_OverloadYield
FN:2,asyncGeneratorStep
FN:2,_asyncToGenerator
FN:27,_callee
FN:33,_callee2
FN:40,setLastOrder
FN:44,extraReducers
FN:79,orderSliceSelectors
FNF:11
FNH:6
FNDA:2,_regeneratorDefine2
FNDA:20,_regeneratorDefine
FNDA:6,o
FNDA:0,_OverloadYield
FNDA:0,asyncGeneratorStep
FNDA:4,_asyncToGenerator
FNDA:0,_callee
FNDA:0,_callee2
FNDA:1,setLastOrder
FNDA:2,extraReducers
FNDA:0,orderSliceSelectors
DA:1,1
DA:2,0
DA:3,1
DA:4,1
DA:5,1
DA:6,1
DA:7,1
DA:8,1
DA:9,1
DA:10,1
DA:11,1
DA:12,1
DA:13,1
DA:14,1
DA:15,1
DA:16,1
DA:17,1
DA:18,1
DA:19,1
DA:20,1
DA:21,1
DA:22,1
DA:23,1
DA:24,1
DA:25,1
DA:26,1
DA:27,1
DA:28,0
DA:29,1
DA:30,1
DA:31,1
DA:32,1
DA:33,2
DA:34,1
DA:35,1
DA:36,1
DA:37,1
DA:38,1
DA:39,1
DA:40,1
DA:41,1
DA:42,1
DA:43,1
DA:44,1
DA:45,2
DA:46,2
DA:47,1
DA:48,2
DA:49,2
DA:50,1
DA:51,1
DA:52,2
DA:53,2
DA:54,1
DA:55,1
DA:56,2
DA:57,2
DA:58,2
DA:59,1
DA:60,1
DA:61,1
DA:62,2
DA:63,2
DA:64,1
DA:65,1
DA:66,1
DA:67,1
DA:68,2
DA:69,2
DA:70,1
DA:71,1
DA:72,1
DA:73,1
DA:74,1
DA:75,2
DA:76,2
DA:77,1
DA:78,1
DA:79,1
DA:80,1
DA:81,1
DA:82,1
DA:83,1
DA:84,1
DA:85,1
DA:86,1
DA:87,1
DA:88,1
DA:89,1
DA:90,1
DA:91,1
DA:92,1
DA:93,1
DA:94,1
DA:95,1
DA:96,1
DA:97,1
DA:98,1
DA:99,1
DA:100,1
DA:101,1
DA:102,1
LF:102
LH:100
BRDA:2,0,0,2
BRDA:2,1,0,0
BRDA:2,2,0,20
BRDA:2,3,0,18
BRDA:2,4,0,0
BRDA:2,5,0,2
BRDA:2,6,0,6
BRDA:2,7,0,4
BRDA:32,8,0,2
BRDA:40,9,0,1
BRDA:44,10,0,2
BRDA:46,11,0,1
BRDA:49,12,0,1
BRDA:53,13,0,1
BRDA:58,14,0,1
BRDA:63,15,0,1
BRDA:69,16,0,1
BRF:17
BRH:15
end_of_record
TN:
SF:src\services\slices\userSlice.ts
FN:2,_regeneratorDefine2
FN:2,_regeneratorDefine
FN:2,o
FN:2,_OverloadYield
FN:2,asyncGeneratorStep
FN:2,_asyncToGenerator
FN:36,_callee
FN:41,_callee2
FN:51,_callee3
FN:61,_callee4
FN:64,_callee5
FN:75,makeLoginUserSuccess
FN:78,clearError
FN:82,extraReducers
FN:158,userSliceSelectors
FNF:15
FNH:7
FNDA:2,_regeneratorDefine2
FNDA:20,_regeneratorDefine
FNDA:6,o
FNDA:0,_OverloadYield
FNDA:0,asyncGeneratorStep
FNDA:10,_asyncToGenerator
FNDA:0,_callee
FNDA:0,_callee2
FNDA:0,_callee3
FNDA:0,_callee4
FNDA:0,_callee5
FNDA:1,makeLoginUserSuccess
FNDA:1,clearError
FNDA:2,extraReducers
FNDA:0,userSliceSelectors
DA:1,1
DA:2,0
DA:3,1
DA:4,1
DA:5,1
DA:6,1
DA:7,1
DA:8,1
DA:9,1
DA:10,1
DA:11,1
DA:12,1
DA:13,1
DA:14,1
DA:15,1
DA:16,1
DA:17,1
DA:18,1
DA:19,1
DA:20,1
DA:21,1
DA:22,1
DA:23,1
DA:24,1
DA:25,1
DA:26,1
DA:27,1
DA:28,1
DA:29,1
DA:30,1
DA:31,1
DA:32,1
DA:33,1
DA:34,1
DA:35,1
DA:36,1
DA:37,1
DA:38,1
DA:39,1
DA:40,1
DA:41,2
DA:42,0
DA:43,0
DA:44,0
DA:45,0
DA:46,2
DA:47,1
DA:48,1
DA:49,1
DA:50,1
DA:51,2
DA:52,0
DA:53,0
DA:54,0
DA:55,0
DA:56,2
DA:57,1
DA:58,1
DA:59,1
DA:60,1
DA:61,2
DA:62,1
DA:63,1
DA:64,1
DA:65,0
DA:66,0
DA:67,0
DA:68,0
DA:69,1
DA:70,1
DA:71,1
DA:72,1
DA:73,1
DA:74,1
DA:75,1
DA:76,1
DA:77,1
DA:78,1
DA:79,1
DA:80,1
DA:81,1
DA:82,1
DA:83,2
DA:84,2
DA:85,1
DA:86,1
DA:87,2
DA:88,2
DA:89,1
DA:90,1
DA:91,1
DA:92,2
DA:93,2
DA:94,1
DA:95,1
DA:96,1
DA:97,2
DA:98,2
DA:99,2
DA:100,1
DA:101,1
DA:102,2
DA:103,2
DA:104,1
DA:105,1
DA:106,1
DA:107,2
DA:108,2
DA:109,1
DA:110,1
DA:111,1
DA:112,2
DA:113,2
DA:114,2
DA:115,1
DA:116,1
DA:117,2
DA:118,2
DA:119,1
DA:120,1
DA:121,1
DA:122,2
DA:123,2
DA:124,1
DA:125,1
DA:126,1
DA:127,2
DA:128,2
DA:129,2
DA:130,1
DA:131,2
DA:132,2
DA:133,1
DA:134,1
DA:135,2
DA:136,2
DA:137,1
DA:138,1
DA:139,2
DA:140,2
DA:141,2
DA:142,1
DA:143,1
DA:144,2
DA:145,2
DA:146,1
DA:147,1
DA:148,1
DA:149,2
DA:150,2
DA:151,1
DA:152,1
DA:153,1
DA:154,2
DA:155,2
DA:156,1
DA:157,1
DA:158,1
DA:159,1
DA:160,1
DA:161,1
DA:162,1
DA:163,1
DA:164,1
DA:165,1
DA:166,1
DA:167,1
DA:168,1
DA:169,1
DA:170,1
DA:171,1
DA:172,1
DA:173,1
DA:174,1
DA:175,1
DA:176,1
DA:177,1
DA:178,1
DA:179,1
DA:180,1
DA:181,1
LF:181
LH:168
BRDA:2,0,0,2
BRDA:2,1,0,0
BRDA:2,2,0,20
BRDA:2,3,0,18
BRDA:2,4,0,0
BRDA:2,5,0,2
BRDA:2,6,0,6
BRDA:2,7,0,10
BRDA:40,8,0,2
BRDA:50,9,0,2
BRDA:60,10,0,2
BRDA:75,11,0,1
BRDA:78,12,0,1
BRDA:82,13,0,2
BRDA:84,14,0,1
BRDA:88,15,0,1
BRDA:93,16,0,1
BRDA:99,17,0,1
BRDA:103,18,0,1
BRDA:106,19,0,0
BRDA:108,20,0,1
BRDA:114,21,0,1
BRDA:118,22,0,1
BRDA:121,23,0,0
BRDA:123,24,0,1
BRDA:129,25,0,1
BRDA:132,26,0,1
BRDA:136,27,0,1
BRDA:141,28,0,1
BRDA:145,29,0,1
BRDA:150,30,0,1
BRF:31
BRH:27
end_of_record
TN:
SF:src\utils\burger-api.ts
FN:2,_regenerator
FN:2,i
FN:2,Generator
FN:2,GeneratorFunction
FN:2,GeneratorFunctionPrototype
FN:2,f
FN:2,_regenerator
FN:2,_regeneratorDefine2
FN:2,_regeneratorDefine
FN:2,o
FN:2,_OverloadYield
FN:2,asyncGeneratorStep
FN:2,_asyncToGenerator
FN:6,checkResponse
FN:18,refreshToken
FN:38,_callee
FN:74,getIngredientsApi
FN:82,getFeedsApi
FN:90,getOrdersApi
FN:125,orderBurgerApi
FN:144,getOrderByNumberApi
FN:164,registerUserApi
FN:183,loginUserApi
FN:197,forgotPasswordApi
FN:211,resetPasswordApi
FN:227,getUserApi
FN:234,updateUserApi
FN:244,logoutApi
FNF:28
FNH:7
FNDA:5,_regenerator
FNDA:0,i
FNDA:0,Generator
FNDA:0,GeneratorFunction
FNDA:0,GeneratorFunctionPrototype
FNDA:10,f
FNDA:5,_regenerator
FNDA:5,_regeneratorDefine2
FNDA:50,_regeneratorDefine
FNDA:15,o
FNDA:0,_OverloadYield
FNDA:0,asyncGeneratorStep
FNDA:5,_asyncToGenerator
FNDA:0,checkResponse
FNDA:0,refreshToken
FNDA:0,_callee
FNDA:0,getIngredientsApi
FNDA:0,getFeedsApi
FNDA:0,getOrdersApi
FNDA:0,orderBurgerApi
FNDA:0,getOrderByNumberApi
FNDA:0,registerUserApi
FNDA:0,loginUserApi
FNDA:0,forgotPasswordApi
FNDA:0,resetPasswordApi
FNDA:0,getUserApi
FNDA:0,updateUserApi
FNDA:0,logoutApi
DA:1,1
DA:2,0
DA:3,1
DA:4,1
DA:5,1
DA:6,1
DA:7,0
DA:8,1
DA:9,1
DA:10,1
DA:11,1
DA:12,1
DA:13,1
DA:14,1
DA:15,1
DA:16,1
DA:17,1
DA:18,1
DA:19,0
DA:20,0
DA:21,0
DA:22,0
DA:23,0
DA:24,0
DA:25,0
DA:26,0
DA:27,0
DA:28,0
DA:29,0
DA:30,0
DA:31,0
DA:32,0
DA:33,0
DA:34,0
DA:35,0
DA:36,0
DA:37,1
DA:38,1
DA:39,0
DA:40,0
DA:41,0
DA:42,0
DA:43,0
DA:44,0
DA:45,0
DA:46,0
DA:47,0
DA:48,0
DA:49,0
DA:50,0
DA:51,0
DA:52,0
DA:53,0
DA:54,0
DA:55,0
DA:56,1
DA:57,1
DA:58,1
DA:59,1
DA:60,1
DA:61,1
DA:62,1
DA:63,1
DA:64,1
DA:65,1
DA:66,1
DA:67,1
DA:68,1
DA:69,1
DA:70,1
DA:71,1
DA:72,1
DA:73,1
DA:74,1
DA:75,0
DA:76,0
DA:77,0
DA:78,0
DA:79,0
DA:80,0
DA:81,1
DA:82,1
DA:83,0
DA:84,0
DA:85,0
DA:86,0
DA:87,0
DA:88,0
DA:89,1
DA:90,1
DA:91,0
DA:92,0
DA:93,0
DA:94,0
DA:95,0
DA:96,0
DA:97,0
DA:98,0
DA:99,0
DA:100,0
DA:101,1
DA:102,1
DA:103,1
DA:104,1
DA:105,1
DA:106,1
DA:107,1
DA:108,1
DA:109,1
DA:110,1
DA:111,1
DA:112,1
DA:113,1
DA:114,1
DA:115,1
DA:116,1
DA:117,1
DA:118,1
DA:119,1
DA:120,1
DA:121,1
DA:122,1
DA:123,1
DA:124,1
DA:125,1
DA:126,0
DA:127,0
DA:128,0
DA:129,0
DA:130,0
DA:131,0
DA:132,0
DA:133,0
DA:134,0
DA:135,0
DA:136,0
DA:137,0
DA:138,0
DA:139,1
DA:140,1
DA:141,1
DA:142,1
DA:143,1
DA:144,1
DA:145,0
DA:146,0
DA:147,0
DA:148,0
DA:149,0
DA:150,0
DA:151,1
DA:152,1
DA:153,1
DA:154,1
DA:155,1
DA:156,1
DA:157,1
DA:158,1
DA:159,1
DA:160,1
DA:161,1
DA:162,1
DA:163,1
DA:164,1
DA:165,0
DA:166,0
DA:167,0
DA:168,0
DA:169,0
DA:170,0
DA:171,0
DA:172,0
DA:173,0
DA:174,0
DA:175,0
DA:176,0
DA:177,1
DA:178,1
DA:179,1
DA:180,1
DA:181,1
DA:182,1
DA:183,1
DA:184,0
DA:185,0
DA:186,0
DA:187,0
DA:188,0
DA:189,0
DA:190,0
DA:191,0
DA:192,0
DA:193,0
DA:194,0
DA:195,0
DA:196,1
DA:197,1
DA:198,0
DA:199,0
DA:200,0
DA:201,0
DA:202,0
DA:203,0
DA:204,0
DA:205,0
DA:206,0
DA:207,0
DA:208,0
DA:209,0
DA:210,1
DA:211,1
DA:212,0
DA:213,0
DA:214,0
DA:215,0
DA:216,0
DA:217,0
DA:218,0
DA:219,0
DA:220,0
DA:221,0
DA:222,0
DA:223,0
DA:224,1
DA:225,1
DA:226,1
DA:227,1
DA:228,0
DA:229,0
DA:230,0
DA:231,0
DA:232,0
DA:233,1
DA:234,1
DA:235,0
DA:236,0
DA:237,0
DA:238,0
DA:239,0
DA:240,0
DA:241,0
DA:242,0
DA:243,1
DA:244,1
DA:245,0
DA:246,0
DA:247,0
DA:248,0
DA:249,0
DA:250,0
DA:251,0
DA:252,0
DA:253,0
LF:253
LH:105
BRDA:2,0,0,5
BRDA:2,1,0,0
BRDA:2,2,0,0
BRDA:2,3,0,0
BRDA:2,4,0,0
BRDA:2,5,0,10
BRDA:2,6,0,0
BRDA:2,7,0,5
BRDA:2,8,0,5
BRDA:2,9,0,0
BRDA:2,10,0,50
BRDA:2,11,0,45
BRDA:2,12,0,0
BRDA:2,13,0,5
BRDA:2,14,0,15
BRDA:2,15,0,5
BRDA:38,16,0,5
BRF:17
BRH:10
end_of_record
TN:
SF:src\utils\cookie.ts
FN:1,getCookie
FN:13,setCookie
FN:45,deleteCookie
FNF:3
FNH:0
FNDA:0,getCookie
FNDA:0,setCookie
FNDA:0,deleteCookie
DA:1,1
DA:2,0
DA:3,0
DA:4,0
DA:5,0
DA:6,0
DA:7,0
DA:8,0
DA:9,0
DA:10,0
DA:11,0
DA:12,1
DA:13,1
DA:14,0
DA:15,0
DA:16,0
DA:17,0
DA:18,0
DA:19,0
DA:20,0
DA:21,0
DA:22,0
DA:23,0
DA:24,0
DA:25,0
DA:26,0
DA:27,0
DA:28,0
DA:29,0
DA:30,0
DA:31,0
DA:32,0
DA:33,0
DA:34,0
DA:35,0
DA:36,0
DA:37,0
DA:38,0
DA:39,0
DA:40,0
DA:41,0
DA:42,0
DA:43,0
DA:44,1
DA:45,1
DA:46,0
DA:47,0
LF:47
LH:5
BRF:0
BRH:0
end_of_record
